<?xml version="1.0" encoding="UTF-8"?>
<!-- Generated by org.testng.reporters.JUnitXMLReporter -->
<testsuite hostname="DESKTOP-E6J7T5V" name="Test" tests="2" failures="2" timestamp="18 Jul 2021 11:44:22 GMT" time="16.858" errors="0">
  <testcase name="basepagenavi" time="8.763" classname="FramewrkScratch.E2E.newTest">
    <failure type="junit.framework.ComparisonFailure" message="expected:&amp;lt;Featured Course[s]&amp;gt; but was:&amp;lt;Featured Course[]&amp;gt;">
      <![CDATA[junit.framework.ComparisonFailure: expected:<Featured Course[s]> but was:<Featured Course[]>
	at junit.framework.Assert.assertEquals(Assert.java:85)
	at junit.framework.Assert.assertEquals(Assert.java:91)
	at FramewrkScratch.E2E.newTest.basepagenavi(newTest.java:33)
... Removed 24 stack frames]]>
    </failure>
  </testcase> <!-- basepagenavi -->
  <testcase name="basepagenavi" time="6.242" classname="FramewrkScratch.E2E.newTest">
    <failure type="junit.framework.ComparisonFailure" message="expected:&amp;lt;Featured Course[s]&amp;gt; but was:&amp;lt;Featured Course[]&amp;gt;">
      <![CDATA[junit.framework.ComparisonFailure: expected:<Featured Course[s]> but was:<Featured Course[]>
	at junit.framework.Assert.assertEquals(Assert.java:85)
	at junit.framework.Assert.assertEquals(Assert.java:91)
	at FramewrkScratch.E2E.newTest.basepagenavi(newTest.java:33)
... Removed 24 stack frames]]>
    </failure>
  </testcase> <!-- basepagenavi -->
</testsuite> <!-- Test -->
